{"uuid":"0751feb5-81f3-4747-9b62-550f80e4bcaa","historyId":"881a66a1fcdc7efdefc1c5dccbe6169c","fullName":"src/test/resources/features/login.feature:5","labels":[{"name":"tag","value":"smoke"},{"name":"tag","value":"login"},{"name":"tag","value":"positive"},{"name":"host","value":"Faisals-MacBook-Pro.local"},{"name":"thread","value":"29617@Faisals-MacBook-Pro.local.TestNG-test-Cucumber Tests-1(28)"},{"name":"feature","value":"Login"},{"name":"story","value":"Successful login"},{"name":"suite","value":"Login"},{"name":"testClass","value":"Successful login"},{"name":"framework","value":"cucumber4jvm"},{"name":"language","value":"java"},{"name":"gherkin_uri","value":"file:///Users/yafi/Yafi/yafi's%20project/krisdemo/src/test/resources/features/login.feature"},{"name":"package","value":"src.test.resources.features.login_feature.Login"}],"links":[],"name":"Successful login","status":"broken","statusDetails":{"known":false,"muted":false,"flaky":false,"message":"Element should have been \"select\" but was \"span\"\nBuild info: version: '4.31.0', revision: '1ef9f18787*'\nSystem info: os.name: 'Mac OS X', os.arch: 'aarch64', os.version: '13.5.1', java.version: '21.0.7'\nDriver info: driver.version: unknown","trace":"org.openqa.selenium.support.ui.UnexpectedTagNameException: Element should have been \"select\" but was \"span\"\nBuild info: version: '4.31.0', revision: '1ef9f18787*'\nSystem info: os.name: 'Mac OS X', os.arch: 'aarch64', os.version: '13.5.1', java.version: '21.0.7'\nDriver info: driver.version: unknown\n\tat org.openqa.selenium.support.ui.Select.<init>(Select.java:44)\n\tat pages.BasePage.selectByVisibleText(BasePage.java:47)\n\tat pages.RegisterPaperRecordPage.selectDocumentTemplate(RegisterPaperRecordPage.java:30)\n\tat stepDefinitions.RegisterPaperRecordSteps.i_select_document_template(RegisterPaperRecordSteps.java:12)\n\tat ✽.I select \"Default\" document template at register papaer record page(file:///Users/yafi/Yafi/yafi's%20project/krisdemo/src/test/resources/features/login.feature:12)\n"},"stage":"finished","steps":[{"name":"Given  I am on the login page","status":"passed","statusDetails":{"known":false,"muted":false,"flaky":false},"stage":"finished","steps":[],"attachments":[],"parameters":[],"start":1746605265766,"stop":1746605266062},{"name":"When  I enter username \"rewina_EU\" and password \"SqlP@ssw0rd_2023\"","status":"passed","statusDetails":{"known":false,"muted":false,"flaky":false},"stage":"finished","steps":[],"attachments":[],"parameters":[],"start":1746605266062,"stop":1746605266751},{"name":"And  I click the login button","status":"passed","statusDetails":{"known":false,"muted":false,"flaky":false},"stage":"finished","steps":[],"attachments":[],"parameters":[],"start":1746605266751,"stop":1746605266811},{"name":"Then  I successfully landed to dashboard page","status":"passed","statusDetails":{"known":false,"muted":false,"flaky":false},"stage":"finished","steps":[],"attachments":[],"parameters":[],"start":1746605266811,"stop":1746605268421},{"name":"And  I click New Document button at Dashboard Page","status":"passed","statusDetails":{"known":false,"muted":false,"flaky":false},"stage":"finished","steps":[],"attachments":[],"parameters":[],"start":1746605268421,"stop":1746605269987},{"name":"And  I click Paper Document button at New Document list","status":"passed","statusDetails":{"known":false,"muted":false,"flaky":false},"stage":"finished","steps":[],"attachments":[],"parameters":[],"start":1746605269988,"stop":1746605272185},{"name":"And  I select \"Default\" document template at register papaer record page","status":"broken","statusDetails":{"known":false,"muted":false,"flaky":false,"message":"Element should have been \"select\" but was \"span\"\nBuild info: version: '4.31.0', revision: '1ef9f18787*'\nSystem info: os.name: 'Mac OS X', os.arch: 'aarch64', os.version: '13.5.1', java.version: '21.0.7'\nDriver info: driver.version: unknown","trace":"org.openqa.selenium.support.ui.UnexpectedTagNameException: Element should have been \"select\" but was \"span\"\nBuild info: version: '4.31.0', revision: '1ef9f18787*'\nSystem info: os.name: 'Mac OS X', os.arch: 'aarch64', os.version: '13.5.1', java.version: '21.0.7'\nDriver info: driver.version: unknown\n\tat org.openqa.selenium.support.ui.Select.<init>(Select.java:44)\n\tat pages.BasePage.selectByVisibleText(BasePage.java:47)\n\tat pages.RegisterPaperRecordPage.selectDocumentTemplate(RegisterPaperRecordPage.java:30)\n\tat stepDefinitions.RegisterPaperRecordSteps.i_select_document_template(RegisterPaperRecordSteps.java:12)\n\tat ✽.I select \"Default\" document template at register papaer record page(file:///Users/yafi/Yafi/yafi's%20project/krisdemo/src/test/resources/features/login.feature:12)\n"},"stage":"finished","steps":[],"attachments":[],"parameters":[],"start":1746605272185,"stop":1746605273252}],"attachments":[],"parameters":[],"start":1746605264326,"stop":1746605273666}