{"uuid":"39316f62-7ee6-40be-892b-ebd874ea35c0","historyId":"881a66a1fcdc7efdefc1c5dccbe6169c","fullName":"src/test/resources/features/login.feature:5","labels":[{"name":"tag","value":"smoke"},{"name":"tag","value":"login"},{"name":"tag","value":"positive"},{"name":"host","value":"Faisals-MacBook-Pro.local"},{"name":"thread","value":"37743@Faisals-MacBook-Pro.local.TestNG-test-Cucumber Tests-1(28)"},{"name":"feature","value":"Login"},{"name":"story","value":"Filing with Valid PDF Record and Clicking Save"},{"name":"suite","value":"Login"},{"name":"testClass","value":"Filing with Valid PDF Record and Clicking Save"},{"name":"framework","value":"cucumber4jvm"},{"name":"language","value":"java"},{"name":"gherkin_uri","value":"file:///Users/yafi/Yafi/yafi's%20project/krisdemo/src/test/resources/features/login.feature"},{"name":"package","value":"src.test.resources.features.login_feature.Login"}],"links":[],"name":"Filing with Valid PDF Record and Clicking Save","status":"broken","statusDetails":{"known":false,"muted":false,"flaky":false,"message":"Expected condition failed: waiting for visibility of element located by By.xpath: //input[@type='radio' and contains(@id,'fileRefSysId')][1] (tried for 15 second(s) with 500 milliseconds interval)\nBuild info: version: '4.31.0', revision: '1ef9f18787*'\nSystem info: os.name: 'Mac OS X', os.arch: 'aarch64', os.version: '13.5.1', java.version: '21.0.7'\nDriver info: org.openqa.selenium.chrome.ChromeDriver\nCapabilities {acceptInsecureCerts: false, browserName: chrome, browserVersion: 135.0.7049.115, chrome: {chromedriverVersion: 135.0.7049.114 (63fd8a7d9d0..., userDataDir: /var/folders/ky/ysskgkhx685...}, fedcm:accounts: true, goog:chromeOptions: {debuggerAddress: localhost:59233}, networkConnectionEnabled: false, pageLoadStrategy: normal, platformName: mac, proxy: Proxy(), se:cdp: ws://localhost:59233/devtoo..., se:cdpVersion: 135.0.7049.115, setWindowRect: true, strictFileInteractability: false, timeouts: {implicit: 0, pageLoad: 300000, script: 30000}, unhandledPromptBehavior: dismiss and notify, webauthn:extension:credBlob: true, webauthn:extension:largeBlob: true, webauthn:extension:minPinLength: true, webauthn:extension:prf: true, webauthn:virtualAuthenticators: true}\nSession ID: 8788392b36ce64810d29fb2e1a928628","trace":"org.openqa.selenium.TimeoutException: Expected condition failed: waiting for visibility of element located by By.xpath: //input[@type='radio' and contains(@id,'fileRefSysId')][1] (tried for 15 second(s) with 500 milliseconds interval)\nBuild info: version: '4.31.0', revision: '1ef9f18787*'\nSystem info: os.name: 'Mac OS X', os.arch: 'aarch64', os.version: '13.5.1', java.version: '21.0.7'\nDriver info: org.openqa.selenium.chrome.ChromeDriver\nCapabilities {acceptInsecureCerts: false, browserName: chrome, browserVersion: 135.0.7049.115, chrome: {chromedriverVersion: 135.0.7049.114 (63fd8a7d9d0..., userDataDir: /var/folders/ky/ysskgkhx685...}, fedcm:accounts: true, goog:chromeOptions: {debuggerAddress: localhost:59233}, networkConnectionEnabled: false, pageLoadStrategy: normal, platformName: mac, proxy: Proxy(), se:cdp: ws://localhost:59233/devtoo..., se:cdpVersion: 135.0.7049.115, setWindowRect: true, strictFileInteractability: false, timeouts: {implicit: 0, pageLoad: 300000, script: 30000}, unhandledPromptBehavior: dismiss and notify, webauthn:extension:credBlob: true, webauthn:extension:largeBlob: true, webauthn:extension:minPinLength: true, webauthn:extension:prf: true, webauthn:virtualAuthenticators: true}\nSession ID: 8788392b36ce64810d29fb2e1a928628\n\tat org.openqa.selenium.support.ui.WebDriverWait.timeoutException(WebDriverWait.java:84)\n\tat org.openqa.selenium.support.ui.FluentWait.until(FluentWait.java:228)\n\tat pages.FileElectronicRecordPage.selectFirstFolderAndConfirm(FileElectronicRecordPage.java:105)\n\tat pages.FileElectronicRecordPage.selectFolder(FileElectronicRecordPage.java:118)\n\tat stepDefinitions.FileElectronicRecordSteps.i_select_folder(FileElectronicRecordSteps.java:23)\n\tat ✽.I select folder \"QA TECHNICAL TEST-ELECTRONIC FOLDER\"(file:///Users/yafi/Yafi/yafi's%20project/krisdemo/src/test/resources/features/login.feature:14)\n"},"stage":"finished","steps":[{"name":"Given  I am on the login page","status":"passed","statusDetails":{"known":false,"muted":false,"flaky":false},"stage":"finished","steps":[],"attachments":[],"parameters":[],"start":1746624664307,"stop":1746624664833},{"name":"When  I enter username \"rewina_EU\" and password \"SqlP@ssw0rd_2023\"","status":"passed","statusDetails":{"known":false,"muted":false,"flaky":false},"stage":"finished","steps":[],"attachments":[],"parameters":[],"start":1746624664833,"stop":1746624664974},{"name":"And  I click the login button","status":"passed","statusDetails":{"known":false,"muted":false,"flaky":false},"stage":"finished","steps":[],"attachments":[],"parameters":[],"start":1746624664974,"stop":1746624665100},{"name":"Then  I successfully landed to dashboard page","status":"passed","statusDetails":{"known":false,"muted":false,"flaky":false},"stage":"finished","steps":[],"attachments":[],"parameters":[],"start":1746624665100,"stop":1746624666143},{"name":"And  I click New Document button at Dashboard Page","status":"passed","statusDetails":{"known":false,"muted":false,"flaky":false},"stage":"finished","steps":[],"attachments":[],"parameters":[],"start":1746624666143,"stop":1746624666628},{"name":"And  I click Electronic Document button at New Document list","status":"passed","statusDetails":{"known":false,"muted":false,"flaky":false},"stage":"finished","steps":[],"attachments":[],"parameters":[],"start":1746624666628,"stop":1746624667307},{"name":"And  I select \"Default\" document template at file electronic record page","status":"passed","statusDetails":{"known":false,"muted":false,"flaky":false},"stage":"finished","steps":[],"attachments":[],"parameters":[],"start":1746624667307,"stop":1746624668012},{"name":"And  I upload document \"sample.pdf\"","status":"passed","statusDetails":{"known":false,"muted":false,"flaky":false},"stage":"finished","steps":[],"attachments":[],"parameters":[],"start":1746624668012,"stop":1746624668040},{"name":"And  I select folder \"QA TECHNICAL TEST-ELECTRONIC FOLDER\"","status":"broken","statusDetails":{"known":false,"muted":false,"flaky":false,"message":"Expected condition failed: waiting for visibility of element located by By.xpath: //input[@type='radio' and contains(@id,'fileRefSysId')][1] (tried for 15 second(s) with 500 milliseconds interval)\nBuild info: version: '4.31.0', revision: '1ef9f18787*'\nSystem info: os.name: 'Mac OS X', os.arch: 'aarch64', os.version: '13.5.1', java.version: '21.0.7'\nDriver info: org.openqa.selenium.chrome.ChromeDriver\nCapabilities {acceptInsecureCerts: false, browserName: chrome, browserVersion: 135.0.7049.115, chrome: {chromedriverVersion: 135.0.7049.114 (63fd8a7d9d0..., userDataDir: /var/folders/ky/ysskgkhx685...}, fedcm:accounts: true, goog:chromeOptions: {debuggerAddress: localhost:59233}, networkConnectionEnabled: false, pageLoadStrategy: normal, platformName: mac, proxy: Proxy(), se:cdp: ws://localhost:59233/devtoo..., se:cdpVersion: 135.0.7049.115, setWindowRect: true, strictFileInteractability: false, timeouts: {implicit: 0, pageLoad: 300000, script: 30000}, unhandledPromptBehavior: dismiss and notify, webauthn:extension:credBlob: true, webauthn:extension:largeBlob: true, webauthn:extension:minPinLength: true, webauthn:extension:prf: true, webauthn:virtualAuthenticators: true}\nSession ID: 8788392b36ce64810d29fb2e1a928628","trace":"org.openqa.selenium.TimeoutException: Expected condition failed: waiting for visibility of element located by By.xpath: //input[@type='radio' and contains(@id,'fileRefSysId')][1] (tried for 15 second(s) with 500 milliseconds interval)\nBuild info: version: '4.31.0', revision: '1ef9f18787*'\nSystem info: os.name: 'Mac OS X', os.arch: 'aarch64', os.version: '13.5.1', java.version: '21.0.7'\nDriver info: org.openqa.selenium.chrome.ChromeDriver\nCapabilities {acceptInsecureCerts: false, browserName: chrome, browserVersion: 135.0.7049.115, chrome: {chromedriverVersion: 135.0.7049.114 (63fd8a7d9d0..., userDataDir: /var/folders/ky/ysskgkhx685...}, fedcm:accounts: true, goog:chromeOptions: {debuggerAddress: localhost:59233}, networkConnectionEnabled: false, pageLoadStrategy: normal, platformName: mac, proxy: Proxy(), se:cdp: ws://localhost:59233/devtoo..., se:cdpVersion: 135.0.7049.115, setWindowRect: true, strictFileInteractability: false, timeouts: {implicit: 0, pageLoad: 300000, script: 30000}, unhandledPromptBehavior: dismiss and notify, webauthn:extension:credBlob: true, webauthn:extension:largeBlob: true, webauthn:extension:minPinLength: true, webauthn:extension:prf: true, webauthn:virtualAuthenticators: true}\nSession ID: 8788392b36ce64810d29fb2e1a928628\n\tat org.openqa.selenium.support.ui.WebDriverWait.timeoutException(WebDriverWait.java:84)\n\tat org.openqa.selenium.support.ui.FluentWait.until(FluentWait.java:228)\n\tat pages.FileElectronicRecordPage.selectFirstFolderAndConfirm(FileElectronicRecordPage.java:105)\n\tat pages.FileElectronicRecordPage.selectFolder(FileElectronicRecordPage.java:118)\n\tat stepDefinitions.FileElectronicRecordSteps.i_select_folder(FileElectronicRecordSteps.java:23)\n\tat ✽.I select folder \"QA TECHNICAL TEST-ELECTRONIC FOLDER\"(file:///Users/yafi/Yafi/yafi's%20project/krisdemo/src/test/resources/features/login.feature:14)\n"},"stage":"finished","steps":[],"attachments":[],"parameters":[],"start":1746624668040,"stop":1746624683788},{"name":"And  I fill keywords with \"Details Keywords\"","status":"skipped","statusDetails":{"known":false,"muted":false,"flaky":false},"stage":"finished","steps":[],"attachments":[],"parameters":[],"start":1746624683789,"stop":1746624683789},{"name":"And  I click save button","status":"skipped","statusDetails":{"known":false,"muted":false,"flaky":false},"stage":"finished","steps":[],"attachments":[],"parameters":[],"start":1746624683789,"stop":1746624683790},{"name":"Then  Assert that dialog message equal with \"The record is registered successfully.\"","status":"skipped","statusDetails":{"known":false,"muted":false,"flaky":false},"stage":"finished","steps":[],"attachments":[],"parameters":[],"start":1746624683790,"stop":1746624683790}],"attachments":[],"parameters":[],"start":1746624662973,"stop":1746624684028}