{"uuid":"c4337609-233b-4fd1-8e9f-865298f05b68","historyId":"881a66a1fcdc7efdefc1c5dccbe6169c","fullName":"src/test/resources/features/login.feature:5","labels":[{"name":"tag","value":"smoke"},{"name":"tag","value":"login"},{"name":"tag","value":"positive"},{"name":"host","value":"Faisals-MacBook-Pro.local"},{"name":"thread","value":"32858@Faisals-MacBook-Pro.local.TestNG-test-Cucumber Tests-1(28)"},{"name":"feature","value":"Login"},{"name":"story","value":"Successful login"},{"name":"suite","value":"Login"},{"name":"testClass","value":"Successful login"},{"name":"framework","value":"cucumber4jvm"},{"name":"language","value":"java"},{"name":"gherkin_uri","value":"file:///Users/yafi/Yafi/yafi's%20project/krisdemo/src/test/resources/features/login.feature"},{"name":"package","value":"src.test.resources.features.login_feature.Login"}],"links":[],"name":"Successful login","status":"broken","statusDetails":{"known":false,"muted":false,"flaky":false,"message":"Expected condition failed: waiting for visibility of [[ChromeDriver: chrome on mac (10051327ba14dbebb08cac315deeaa08)] -> id: uploadDocu] (tried for 15 second(s) with 500 milliseconds interval)\nBuild info: version: '4.31.0', revision: '1ef9f18787*'\nSystem info: os.name: 'Mac OS X', os.arch: 'aarch64', os.version: '13.5.1', java.version: '21.0.7'\nDriver info: org.openqa.selenium.chrome.ChromeDriver\nCapabilities {acceptInsecureCerts: false, browserName: chrome, browserVersion: 135.0.7049.115, chrome: {chromedriverVersion: 135.0.7049.114 (63fd8a7d9d0..., userDataDir: /var/folders/ky/ysskgkhx685...}, fedcm:accounts: true, goog:chromeOptions: {debuggerAddress: localhost:56127}, networkConnectionEnabled: false, pageLoadStrategy: normal, platformName: mac, proxy: Proxy(), se:cdp: ws://localhost:56127/devtoo..., se:cdpVersion: 135.0.7049.115, setWindowRect: true, strictFileInteractability: false, timeouts: {implicit: 0, pageLoad: 300000, script: 30000}, unhandledPromptBehavior: dismiss and notify, webauthn:extension:credBlob: true, webauthn:extension:largeBlob: true, webauthn:extension:minPinLength: true, webauthn:extension:prf: true, webauthn:virtualAuthenticators: true}\nSession ID: 10051327ba14dbebb08cac315deeaa08","trace":"org.openqa.selenium.TimeoutException: Expected condition failed: waiting for visibility of [[ChromeDriver: chrome on mac (10051327ba14dbebb08cac315deeaa08)] -> id: uploadDocu] (tried for 15 second(s) with 500 milliseconds interval)\nBuild info: version: '4.31.0', revision: '1ef9f18787*'\nSystem info: os.name: 'Mac OS X', os.arch: 'aarch64', os.version: '13.5.1', java.version: '21.0.7'\nDriver info: org.openqa.selenium.chrome.ChromeDriver\nCapabilities {acceptInsecureCerts: false, browserName: chrome, browserVersion: 135.0.7049.115, chrome: {chromedriverVersion: 135.0.7049.114 (63fd8a7d9d0..., userDataDir: /var/folders/ky/ysskgkhx685...}, fedcm:accounts: true, goog:chromeOptions: {debuggerAddress: localhost:56127}, networkConnectionEnabled: false, pageLoadStrategy: normal, platformName: mac, proxy: Proxy(), se:cdp: ws://localhost:56127/devtoo..., se:cdpVersion: 135.0.7049.115, setWindowRect: true, strictFileInteractability: false, timeouts: {implicit: 0, pageLoad: 300000, script: 30000}, unhandledPromptBehavior: dismiss and notify, webauthn:extension:credBlob: true, webauthn:extension:largeBlob: true, webauthn:extension:minPinLength: true, webauthn:extension:prf: true, webauthn:virtualAuthenticators: true}\nSession ID: 10051327ba14dbebb08cac315deeaa08\n\tat org.openqa.selenium.support.ui.WebDriverWait.timeoutException(WebDriverWait.java:84)\n\tat org.openqa.selenium.support.ui.FluentWait.until(FluentWait.java:228)\n\tat utilities.WaitUtils.waitForElementVisible(WaitUtils.java:18)\n\tat pages.BasePage.find(BasePage.java:22)\n\tat pages.BasePage.type(BasePage.java:31)\n\tat pages.BasePage.uploadFile(BasePage.java:70)\n\tat pages.FileElectronicRecordPage.uploadDocument(FileElectronicRecordPage.java:53)\n\tat stepDefinitions.FileElectronicRecordSteps.i_upload_document(FileElectronicRecordSteps.java:17)\n\tat ✽.I upload document \"sample.pdf\"(file:///Users/yafi/Yafi/yafi's%20project/krisdemo/src/test/resources/features/login.feature:13)\n"},"stage":"finished","steps":[{"name":"Given  I am on the login page","status":"passed","statusDetails":{"known":false,"muted":false,"flaky":false},"stage":"finished","steps":[],"attachments":[],"parameters":[],"start":1746612798835,"stop":1746612800967},{"name":"When  I enter username \"rewina_EU\" and password \"SqlP@ssw0rd_2023\"","status":"passed","statusDetails":{"known":false,"muted":false,"flaky":false},"stage":"finished","steps":[],"attachments":[],"parameters":[],"start":1746612800967,"stop":1746612801111},{"name":"And  I click the login button","status":"passed","statusDetails":{"known":false,"muted":false,"flaky":false},"stage":"finished","steps":[],"attachments":[],"parameters":[],"start":1746612801111,"stop":1746612801356},{"name":"Then  I successfully landed to dashboard page","status":"passed","statusDetails":{"known":false,"muted":false,"flaky":false},"stage":"finished","steps":[],"attachments":[],"parameters":[],"start":1746612801356,"stop":1746612802957},{"name":"And  I click New Document button at Dashboard Page","status":"passed","statusDetails":{"known":false,"muted":false,"flaky":false},"stage":"finished","steps":[],"attachments":[],"parameters":[],"start":1746612802957,"stop":1746612803838},{"name":"And  I click Electronic Document button at New Document list","status":"passed","statusDetails":{"known":false,"muted":false,"flaky":false},"stage":"finished","steps":[],"attachments":[],"parameters":[],"start":1746612803838,"stop":1746612804586},{"name":"And  I select \"Default\" document template at file electronic record page","status":"passed","statusDetails":{"known":false,"muted":false,"flaky":false},"stage":"finished","steps":[],"attachments":[],"parameters":[],"start":1746612804586,"stop":1746612805290},{"name":"And  I upload document \"sample.pdf\"","status":"broken","statusDetails":{"known":false,"muted":false,"flaky":false,"message":"Expected condition failed: waiting for visibility of [[ChromeDriver: chrome on mac (10051327ba14dbebb08cac315deeaa08)] -> id: uploadDocu] (tried for 15 second(s) with 500 milliseconds interval)\nBuild info: version: '4.31.0', revision: '1ef9f18787*'\nSystem info: os.name: 'Mac OS X', os.arch: 'aarch64', os.version: '13.5.1', java.version: '21.0.7'\nDriver info: org.openqa.selenium.chrome.ChromeDriver\nCapabilities {acceptInsecureCerts: false, browserName: chrome, browserVersion: 135.0.7049.115, chrome: {chromedriverVersion: 135.0.7049.114 (63fd8a7d9d0..., userDataDir: /var/folders/ky/ysskgkhx685...}, fedcm:accounts: true, goog:chromeOptions: {debuggerAddress: localhost:56127}, networkConnectionEnabled: false, pageLoadStrategy: normal, platformName: mac, proxy: Proxy(), se:cdp: ws://localhost:56127/devtoo..., se:cdpVersion: 135.0.7049.115, setWindowRect: true, strictFileInteractability: false, timeouts: {implicit: 0, pageLoad: 300000, script: 30000}, unhandledPromptBehavior: dismiss and notify, webauthn:extension:credBlob: true, webauthn:extension:largeBlob: true, webauthn:extension:minPinLength: true, webauthn:extension:prf: true, webauthn:virtualAuthenticators: true}\nSession ID: 10051327ba14dbebb08cac315deeaa08","trace":"org.openqa.selenium.TimeoutException: Expected condition failed: waiting for visibility of [[ChromeDriver: chrome on mac (10051327ba14dbebb08cac315deeaa08)] -> id: uploadDocu] (tried for 15 second(s) with 500 milliseconds interval)\nBuild info: version: '4.31.0', revision: '1ef9f18787*'\nSystem info: os.name: 'Mac OS X', os.arch: 'aarch64', os.version: '13.5.1', java.version: '21.0.7'\nDriver info: org.openqa.selenium.chrome.ChromeDriver\nCapabilities {acceptInsecureCerts: false, browserName: chrome, browserVersion: 135.0.7049.115, chrome: {chromedriverVersion: 135.0.7049.114 (63fd8a7d9d0..., userDataDir: /var/folders/ky/ysskgkhx685...}, fedcm:accounts: true, goog:chromeOptions: {debuggerAddress: localhost:56127}, networkConnectionEnabled: false, pageLoadStrategy: normal, platformName: mac, proxy: Proxy(), se:cdp: ws://localhost:56127/devtoo..., se:cdpVersion: 135.0.7049.115, setWindowRect: true, strictFileInteractability: false, timeouts: {implicit: 0, pageLoad: 300000, script: 30000}, unhandledPromptBehavior: dismiss and notify, webauthn:extension:credBlob: true, webauthn:extension:largeBlob: true, webauthn:extension:minPinLength: true, webauthn:extension:prf: true, webauthn:virtualAuthenticators: true}\nSession ID: 10051327ba14dbebb08cac315deeaa08\n\tat org.openqa.selenium.support.ui.WebDriverWait.timeoutException(WebDriverWait.java:84)\n\tat org.openqa.selenium.support.ui.FluentWait.until(FluentWait.java:228)\n\tat utilities.WaitUtils.waitForElementVisible(WaitUtils.java:18)\n\tat pages.BasePage.find(BasePage.java:22)\n\tat pages.BasePage.type(BasePage.java:31)\n\tat pages.BasePage.uploadFile(BasePage.java:70)\n\tat pages.FileElectronicRecordPage.uploadDocument(FileElectronicRecordPage.java:53)\n\tat stepDefinitions.FileElectronicRecordSteps.i_upload_document(FileElectronicRecordSteps.java:17)\n\tat ✽.I upload document \"sample.pdf\"(file:///Users/yafi/Yafi/yafi's%20project/krisdemo/src/test/resources/features/login.feature:13)\n"},"stage":"finished","steps":[],"attachments":[],"parameters":[],"start":1746612805290,"stop":1746612820532}],"attachments":[],"parameters":[],"start":1746612797479,"stop":1746612820789}